-------------------------------------------------------------------------------
Test set: TestSuite
-------------------------------------------------------------------------------
Tests run: 4, Failures: 1, Errors: 0, Skipped: 0, Time elapsed: 31.181 s <<< FAILURE! - in TestSuite
Academy.E2EProject.validateTitle.Validatetitle  Time elapsed: 0.56 s  <<< FAILURE!
java.lang.AssertionError: expected [FEATURED COURSES123] but found [FEATURED COURSES]
	at Academy.E2EProject.validateTitle.Validatetitle(validateTitle.java:28)

